<?xml version="1.0" encoding="UTF-8"?>
<testng-results skipped="0" failed="0" total="1" passed="1">
  <reporter-output>
  </reporter-output>
  <suite name="Default suite" duration-ms="10107" started-at="2017-09-09T23:47:18Z" finished-at="2017-09-09T23:47:28Z">
    <groups>
    </groups>
    <test name="Default test" duration-ms="10107" started-at="2017-09-09T23:47:18Z" finished-at="2017-09-09T23:47:28Z">
      <class name="com.kitomba.kitomba_project.testScripts.TC001">
        <test-method status="PASS" signature="testSetUp()[pri:0, instance:com.kitomba.kitomba_project.testScripts.TC001@224edc67]" name="testSetUp" is-config="true" duration-ms="8908" started-at="2017-09-10T11:47:18Z" finished-at="2017-09-10T11:47:27Z">
          <reporter-output>
          </reporter-output>
        </test-method> <!-- testSetUp -->
        <test-method status="PASS" signature="loginTest()[pri:0, instance:com.kitomba.kitomba_project.testScripts.TC001@224edc67]" name="loginTest" duration-ms="1035" started-at="2017-09-10T11:47:27Z" finished-at="2017-09-10T11:47:28Z">
          <reporter-output>
          </reporter-output>
        </test-method> <!-- loginTest -->
        <test-method status="PASS" signature="loginTestShutdown()[pri:0, instance:com.kitomba.kitomba_project.testScripts.TC001@224edc67]" name="loginTestShutdown" is-config="true" duration-ms="144" started-at="2017-09-10T11:47:28Z" finished-at="2017-09-10T11:47:28Z">
          <reporter-output>
          </reporter-output>
        </test-method> <!-- loginTestShutdown -->
      </class> <!-- com.kitomba.kitomba_project.testScripts.TC001 -->
    </test> <!-- Default test -->
  </suite> <!-- Default suite -->
</testng-results>
