<?xml version="1.0" encoding="UTF-8"?>
<testng-results skipped="0" failed="0" total="1" passed="1">
  <reporter-output>
  </reporter-output>
  <suite name="Default suite" duration-ms="20206" started-at="2017-09-12T07:47:43Z" finished-at="2017-09-12T07:48:04Z">
    <groups>
    </groups>
    <test name="Default test" duration-ms="20206" started-at="2017-09-12T07:47:43Z" finished-at="2017-09-12T07:48:04Z">
      <class name="HandleCalendar">
        <test-method status="PASS" signature="handleCalendarTest()[pri:0, instance:HandleCalendar@18be83e4]" name="handleCalendarTest" duration-ms="20172" started-at="2017-09-12T19:47:43Z" finished-at="2017-09-12T19:48:04Z">
          <reporter-output>
          </reporter-output>
        </test-method> <!-- handleCalendarTest -->
      </class> <!-- HandleCalendar -->
    </test> <!-- Default test -->
  </suite> <!-- Default suite -->
</testng-results>
