<?xml version="1.0" encoding="UTF-8"?>
<testng-results skipped="0" failed="0" total="0" passed="0">
  <reporter-output>
  </reporter-output>
  <suite name="SeleniumBasics.SeleniumBasics.AppTest" duration-ms="8" started-at="2017-09-04T20:31:43Z" finished-at="2017-09-04T20:31:43Z">
    <groups>
    </groups>
    <test name="Command line test" duration-ms="8" started-at="2017-09-04T20:31:43Z" finished-at="2017-09-04T20:31:43Z">
    </test> <!-- Command line test -->
  </suite> <!-- SeleniumBasics.SeleniumBasics.AppTest -->
</testng-results>
