<?xml version="1.0" encoding="UTF-8"?>
<testng-results skipped="0" failed="0" total="1" passed="1">
  <reporter-output>
  </reporter-output>
  <suite name="Default suite" duration-ms="23612" started-at="2018-02-21T00:57:19Z" finished-at="2018-02-21T00:57:42Z">
    <groups>
    </groups>
    <test name="Default test" duration-ms="23612" started-at="2018-02-21T00:57:19Z" finished-at="2018-02-21T00:57:42Z">
      <class name="testScripts.TC001">
        <test-method status="PASS" signature="testSetUp()[pri:0, instance:testScripts.TC001@4501b7af]" name="testSetUp" is-config="true" duration-ms="17232" started-at="2018-02-21T13:57:19Z" finished-at="2018-02-21T13:57:36Z">
          <reporter-output>
          </reporter-output>
        </test-method> <!-- testSetUp -->
        <test-method status="PASS" signature="ValidSigninPagetest1()[pri:0, instance:testScripts.TC001@4501b7af]" name="ValidSigninPagetest1" duration-ms="6361" started-at="2018-02-21T13:57:36Z" description="tests in signinpage" finished-at="2018-02-21T13:57:42Z">
          <reporter-output>
          </reporter-output>
        </test-method> <!-- ValidSigninPagetest1 -->
        <test-method status="PASS" signature="testShutDown()[pri:0, instance:testScripts.TC001@4501b7af]" name="testShutDown" is-config="true" duration-ms="0" started-at="2018-02-21T13:57:42Z" finished-at="2018-02-21T13:57:42Z">
          <reporter-output>
          </reporter-output>
        </test-method> <!-- testShutDown -->
      </class> <!-- testScripts.TC001 -->
    </test> <!-- Default test -->
  </suite> <!-- Default suite -->
</testng-results>
