<?xml version="1.0" encoding="UTF-8"?>
<testng-results skipped="0" failed="0" ignored="0" total="1" passed="1">
  <reporter-output>
  </reporter-output>
  <suite name="Default suite" duration-ms="12165" started-at="2017-09-15T22:33:30Z" finished-at="2017-09-15T22:33:42Z">
    <groups>
    </groups>
    <test name="Default test" duration-ms="12165" started-at="2017-09-15T22:33:30Z" finished-at="2017-09-15T22:33:42Z">
      <class name="SeleniumBasics.SeleniumBasics.MouseOver">
        <test-method status="PASS" signature="mouseOverTest()[pri:0, instance:SeleniumBasics.SeleniumBasics.MouseOver@604ed9f0]" name="mouseOverTest" duration-ms="12116" started-at="2017-09-16T10:33:30Z" finished-at="2017-09-16T10:33:42Z">
          <reporter-output>
          </reporter-output>
        </test-method> <!-- mouseOverTest -->
      </class> <!-- SeleniumBasics.SeleniumBasics.MouseOver -->
    </test> <!-- Default test -->
  </suite> <!-- Default suite -->
</testng-results>
